TN:
SF:contracts/access/core/KingAccessControlLite.sol
DA:46,0
FN:46,KingAccessControlLite.onlyRole
FNDA:0,KingAccessControlLite.onlyRole
DA:48,0
BRDA:48,0,0,-
DA:49,0
DA:55,0
FN:55,KingAccessControlLite.onlyKing
FNDA:0,KingAccessControlLite.onlyKing
DA:57,0
BRDA:57,1,0,-
DA:58,0
DA:67,0
FN:67,KingAccessControlLite.constructor
FNDA:0,KingAccessControlLite.constructor
DA:69,0
DA:73,0
DA:77,0
DA:84,0
FN:84,KingAccessControlLite._grantRole
FNDA:0,KingAccessControlLite._grantRole
DA:86,0
DA:89,0
BRDA:89,2,0,-
DA:90,0
DA:95,0
DA:99,0
DA:105,0
FN:105,KingAccessControlLite._revokeRole
FNDA:0,KingAccessControlLite._revokeRole
DA:107,0
DA:110,0
BRDA:110,3,0,-
DA:111,0
DA:116,0
DA:120,0
DA:126,0
FN:126,KingAccessControlLite.transferKingRole
FNDA:0,KingAccessControlLite.transferKingRole
DA:128,0
DA:131,0
BRDA:131,4,0,-
DA:132,0
DA:137,0
DA:140,0
DA:144,0
DA:147,0
DA:153,0
FN:153,KingAccessControlLite.renounceRole
FNDA:0,KingAccessControlLite.renounceRole
DA:155,0
BRDA:155,5,0,-
DA:156,0
DA:161,0
DA:165,0
DA:173,0
FN:173,KingAccessControlLite.hasRole
FNDA:0,KingAccessControlLite.hasRole
DA:174,0
FNF:8
FNH:0
LF:37
LH:0
BRF:6
BRH:0
end_of_record
TN:
SF:contracts/access/core/KingImmutable.sol
DA:42,0
FN:42,KingImmutable.constructor
FNDA:0,KingImmutable.constructor
DA:44,0
BRDA:44,0,0,-
DA:45,0
DA:49,0
DA:52,0
DA:58,0
FN:58,KingImmutable.onlyKing
FNDA:0,KingImmutable.onlyKing
DA:60,0
BRDA:60,1,0,-
DA:61,0
DA:69,0
FN:69,KingImmutable.isKing
FNDA:0,KingImmutable.isKing
DA:71,0
DA:76,0
FN:76,KingImmutable.currentKing
FNDA:0,KingImmutable.currentKing
DA:78,0
FNF:4
FNH:0
LF:12
LH:0
BRF:2
BRH:0
end_of_record
TN:
SF:contracts/access/core/Kingable.sol
DA:55,0
FN:55,Kingable.constructor
FNDA:0,Kingable.constructor
DA:57,0
BRDA:57,0,0,-
DA:58,0
DA:62,0
DA:65,0
DA:71,0
FN:71,Kingable.onlyKing
FNDA:0,Kingable.onlyKing
DA:73,0
BRDA:73,1,0,-
DA:74,0
DA:84,0
FN:84,Kingable._transferKingshipTo
FNDA:0,Kingable._transferKingshipTo
DA:86,0
DA:89,0
BRDA:89,2,0,-
DA:90,0
DA:94,0
BRDA:94,3,0,-
DA:95,0
DA:99,0
DA:102,0
DA:106,0
FN:106,Kingable._renounceKingship
FNDA:0,Kingable._renounceKingship
DA:108,0
DA:111,0
DA:114,0
DA:122,0
FN:122,Kingable.transferKingshipTo
FNDA:0,Kingable.transferKingshipTo
DA:124,0
DA:128,0
FN:128,Kingable.renounceKingship
FNDA:0,Kingable.renounceKingship
DA:130,0
DA:137,0
FN:137,Kingable.currentKing
FNDA:0,Kingable.currentKing
DA:139,0
DA:144,0
FN:144,Kingable.isKing
FNDA:0,Kingable.isKing
DA:146,0
FNF:8
FNH:0
LF:28
LH:0
BRF:4
BRH:0
end_of_record
TN:
SF:contracts/access/extensions/KingPausable.sol
DA:71,0
FN:71,KingPausable.constructor
FNDA:0,KingPausable.constructor
DA:73,0
BRDA:73,0,0,-
DA:74,0
DA:78,0
DA:81,0
DA:84,0
DA:90,0
FN:90,KingPausable.onlyKing
FNDA:0,KingPausable.onlyKing
DA:92,0
BRDA:92,1,0,-
DA:98,0
FN:98,KingPausable.whenActive
FNDA:0,KingPausable.whenActive
DA:100,0
BRDA:100,2,0,-
DA:101,0
DA:108,0
FN:108,KingPausable._activate
FNDA:0,KingPausable._activate
DA:110,0
BRDA:110,3,0,-
DA:111,0
DA:115,0
DA:118,0
DA:122,0
FN:122,KingPausable._pause
FNDA:0,KingPausable._pause
DA:124,0
BRDA:124,4,0,-
DA:125,0
DA:129,0
DA:132,0
DA:138,0
FN:138,KingPausable.activateContract
FNDA:0,KingPausable.activateContract
DA:140,0
DA:144,0
FN:144,KingPausable.pauseContract
FNDA:0,KingPausable.pauseContract
DA:146,0
DA:152,0
FN:152,KingPausable.isContractActive
FNDA:0,KingPausable.isContractActive
DA:154,0
DA:159,0
FN:159,KingPausable.currentKing
FNDA:0,KingPausable.currentKing
DA:161,0
DA:166,0
FN:166,KingPausable.isKing
FNDA:0,KingPausable.isKing
DA:168,0
FNF:10
FNH:0
LF:31
LH:0
BRF:5
BRH:0
end_of_record
TN:
SF:contracts/access/extensions/KingableContracts.sol
DA:57,0
FN:57,KingableContracts.constructor
FNDA:0,KingableContracts.constructor
DA:59,0
BRDA:59,0,0,-
DA:60,0
DA:64,0
DA:67,0
DA:73,0
FN:73,KingableContracts.onlyKing
FNDA:0,KingableContracts.onlyKing
DA:75,0
BRDA:75,1,0,-
DA:76,0
DA:86,0
FN:86,KingableContracts._transferKingshipTo
FNDA:0,KingableContracts._transferKingshipTo
DA:88,0
DA:91,0
BRDA:91,2,0,-
DA:92,0
DA:96,0
BRDA:96,3,0,-
DA:97,0
DA:101,0
DA:104,0
DA:108,0
FN:108,KingableContracts._renounceKingship
FNDA:0,KingableContracts._renounceKingship
DA:110,0
DA:113,0
DA:116,0
DA:124,0
FN:124,KingableContracts.transferKingshipTo
FNDA:0,KingableContracts.transferKingshipTo
DA:126,0
DA:130,0
FN:130,KingableContracts.renounceKingship
FNDA:0,KingableContracts.renounceKingship
DA:132,0
DA:139,0
FN:139,KingableContracts.currentKing
FNDA:0,KingableContracts.currentKing
DA:141,0
DA:146,0
FN:146,KingableContracts.isKing
FNDA:0,KingableContracts.isKing
DA:148,0
FNF:8
FNH:0
LF:28
LH:0
BRF:4
BRH:0
end_of_record
TN:
SF:contracts/access/extensions/KingableEOAs.sol
DA:57,0
FN:57,KingableEOAs.constructor
FNDA:0,KingableEOAs.constructor
DA:59,0
BRDA:59,0,0,-
DA:60,0
DA:64,0
DA:67,0
DA:73,0
FN:73,KingableEOAs.onlyKing
FNDA:0,KingableEOAs.onlyKing
DA:75,0
BRDA:75,1,0,-
DA:76,0
DA:85,0
FN:85,KingableEOAs._transferKingshipTo
FNDA:0,KingableEOAs._transferKingshipTo
DA:87,0
DA:90,0
BRDA:90,2,0,-
DA:91,0
DA:95,0
BRDA:95,3,0,-
DA:96,0
DA:100,0
DA:103,0
DA:107,0
FN:107,KingableEOAs._renounceKingship
FNDA:0,KingableEOAs._renounceKingship
DA:109,0
DA:112,0
DA:115,0
DA:122,0
FN:122,KingableEOAs.transferKingshipTo
FNDA:0,KingableEOAs.transferKingshipTo
DA:124,0
DA:128,0
FN:128,KingableEOAs.renounceKingship
FNDA:0,KingableEOAs.renounceKingship
DA:130,0
DA:137,0
FN:137,KingableEOAs.currentKing
FNDA:0,KingableEOAs.currentKing
DA:139,0
DA:144,0
FN:144,KingableEOAs.isKing
FNDA:0,KingableEOAs.isKing
DA:146,0
FNF:8
FNH:0
LF:28
LH:0
BRF:4
BRH:0
end_of_record
TN:
SF:contracts/access/extensions/KingablePausable.sol
DA:82,0
FN:82,KingablePausable.constructor
FNDA:0,KingablePausable.constructor
DA:84,0
BRDA:84,0,0,-
DA:85,0
DA:89,0
DA:92,0
DA:95,0
DA:101,0
FN:101,KingablePausable.onlyKing
FNDA:0,KingablePausable.onlyKing
DA:103,0
BRDA:103,1,0,-
DA:109,0
FN:109,KingablePausable.whenActive
FNDA:0,KingablePausable.whenActive
DA:111,0
BRDA:111,2,0,-
DA:112,0
DA:122,0
FN:122,KingablePausable._transferKingshipTo
FNDA:0,KingablePausable._transferKingshipTo
DA:124,0
DA:127,0
BRDA:127,3,0,-
DA:128,0
DA:132,0
BRDA:132,4,0,-
DA:133,0
DA:137,0
DA:140,0
DA:144,0
FN:144,KingablePausable._renounceKingship
FNDA:0,KingablePausable._renounceKingship
DA:146,0
DA:149,0
DA:152,0
DA:156,0
FN:156,KingablePausable._activate
FNDA:0,KingablePausable._activate
DA:158,0
BRDA:158,5,0,-
DA:159,0
DA:163,0
DA:166,0
DA:170,0
FN:170,KingablePausable._pause
FNDA:0,KingablePausable._pause
DA:172,0
BRDA:172,6,0,-
DA:173,0
DA:177,0
DA:180,0
DA:188,0
FN:188,KingablePausable.transferKingshipTo
FNDA:0,KingablePausable.transferKingshipTo
DA:190,0
DA:194,0
FN:194,KingablePausable.renounceKingship
FNDA:0,KingablePausable.renounceKingship
DA:196,0
DA:200,0
FN:200,KingablePausable.activateContract
FNDA:0,KingablePausable.activateContract
DA:202,0
DA:206,0
FN:206,KingablePausable.pauseContract
FNDA:0,KingablePausable.pauseContract
DA:208,0
DA:215,0
FN:215,KingablePausable.currentKing
FNDA:0,KingablePausable.currentKing
DA:217,0
DA:222,0
FN:222,KingablePausable.isKing
FNDA:0,KingablePausable.isKing
DA:224,0
DA:229,0
FN:229,KingablePausable.isContractActive
FNDA:0,KingablePausable.isContractActive
DA:231,0
FNF:14
FNH:0
LF:47
LH:0
BRF:7
BRH:0
end_of_record
TN:
SF:contracts/access/guards/KingClaimMistakenETH.sol
DA:68,0
FN:68,KingClaimMistakenETH._depositETH
FNDA:0,KingClaimMistakenETH._depositETH
DA:70,0
BRDA:70,0,0,-
DA:71,0
DA:76,0
DA:79,0
DA:82,0
DA:86,0
DA:92,0
FN:92,KingClaimMistakenETH._claimETH
FNDA:0,KingClaimMistakenETH._claimETH
DA:94,0
BRDA:94,1,0,-
DA:95,0
DA:99,0
DA:102,0
BRDA:102,2,0,-
DA:103,0
DA:108,0
DA:112,0
DA:115,0
DA:116,0
BRDA:116,3,0,-
DA:117,0
DA:121,0
DA:126,0
FN:126,KingClaimMistakenETH.claimMistakenETH
FNDA:0,KingClaimMistakenETH.claimMistakenETH
DA:128,0
DA:133,0
FN:133,KingClaimMistakenETH.claimMistakenETHTo
FNDA:0,KingClaimMistakenETH.claimMistakenETHTo
DA:135,0
DA:141,0
FN:141,KingClaimMistakenETH.myMistakenETHBalance
FNDA:0,KingClaimMistakenETH.myMistakenETHBalance
DA:142,0
DA:147,0
FN:147,KingClaimMistakenETH.userMistakenETHBalance
FNDA:0,KingClaimMistakenETH.userMistakenETHBalance
DA:148,0
DA:153,0
FN:153,KingClaimMistakenETH.totalMistakenETH
FNDA:0,KingClaimMistakenETH.totalMistakenETH
DA:154,0
DA:159,0
FN:159,KingClaimMistakenETH.totalRecordedMistakenETH
FNDA:0,KingClaimMistakenETH.totalRecordedMistakenETH
DA:160,0
DA:165,0
FN:165,KingClaimMistakenETH.receive
FNDA:0,KingClaimMistakenETH.receive
DA:167,0
DA:171,0
FN:171,KingClaimMistakenETH.fallback
FNDA:0,KingClaimMistakenETH.fallback
DA:173,0
FNF:10
FNH:0
LF:35
LH:0
BRF:4
BRH:0
end_of_record
TN:
SF:contracts/access/guards/KingRejectETH.sol
DA:18,0
FN:18,KingRejectETH.receive
FNDA:0,KingRejectETH.receive
DA:19,0
DA:23,0
FN:23,KingRejectETH.fallback
FNDA:0,KingRejectETH.fallback
DA:24,0
FNF:2
FNH:0
LF:4
LH:0
BRF:0
BRH:0
end_of_record
TN:
SF:contracts/access/security/KingReentrancyGuard.sol
DA:26,0
FN:26,KingReentrancyGuard.nonReentrant
FNDA:0,KingReentrancyGuard.nonReentrant
DA:28,0
BRDA:28,0,0,-
DA:29,0
DA:33,0
DA:37,0
FNF:1
FNH:0
LF:5
LH:0
BRF:1
BRH:0
end_of_record
TN:
SF:contracts/access/utils/KingCheckAddressLib.sol
DA:20,0
FN:20,KingCheckAddressLib.ensureNonZero
FNDA:0,KingCheckAddressLib.ensureNonZero
DA:22,0
BRDA:22,0,0,-
DA:23,0
FNF:1
FNH:0
LF:3
LH:0
BRF:1
BRH:0
end_of_record
TN:
SF:contracts/access/utils/KingReentrancyAttacker.sol
DA:97,0
FN:97,KingReentrancyAttacker.onlyAttacker
FNDA:0,KingReentrancyAttacker.onlyAttacker
DA:99,0
BRDA:99,0,0,-
DA:100,0
DA:109,0
FN:109,KingReentrancyAttacker.constructor
FNDA:0,KingReentrancyAttacker.constructor
DA:111,0
BRDA:111,1,0,-
DA:112,0
DA:116,0
BRDA:116,2,0,-
DA:117,0
DA:121,0
DA:124,0
DA:127,0
DA:138,0
FN:138,KingReentrancyAttacker.fundAndAttack
FNDA:0,KingReentrancyAttacker.fundAndAttack
DA:140,0
BRDA:140,3,0,-
DA:141,0
DA:145,0
DA:148,0
DA:151,0
DA:154,0
DA:157,0
DA:160,0
DA:164,0
FN:164,KingReentrancyAttacker.stopAttack
FNDA:0,KingReentrancyAttacker.stopAttack
DA:166,0
DA:169,0
DA:175,0
FN:175,KingReentrancyAttacker.withdrawETH
FNDA:0,KingReentrancyAttacker.withdrawETH
DA:177,0
BRDA:177,4,0,-
DA:178,0
DA:182,0
DA:183,0
BRDA:183,5,0,-
DA:184,0
DA:188,0
DA:194,0
FN:194,KingReentrancyAttacker.contractBalance
FNDA:0,KingReentrancyAttacker.contractBalance
DA:195,0
DA:200,0
FN:200,KingReentrancyAttacker.targetContract
FNDA:0,KingReentrancyAttacker.targetContract
DA:201,0
DA:206,0
FN:206,KingReentrancyAttacker.attackRounds
FNDA:0,KingReentrancyAttacker.attackRounds
DA:207,0
DA:212,0
FN:212,KingReentrancyAttacker.maximumReentrancy
FNDA:0,KingReentrancyAttacker.maximumReentrancy
DA:213,0
DA:218,0
FN:218,KingReentrancyAttacker.attacker
FNDA:0,KingReentrancyAttacker.attacker
DA:219,0
DA:224,0
FN:224,KingReentrancyAttacker.receive
FNDA:0,KingReentrancyAttacker.receive
DA:226,0
DA:229,0
BRDA:229,6,0,-
DA:231,0
DA:234,0
DA:236,0
DA:241,0
DA:245,0
BRDA:245,7,0,-
DA:247,0
DA:250,0
DA:252,0
DA:256,0
DA:259,0
DA:262,0
FNF:11
FNH:0
LF:54
LH:0
BRF:8
BRH:0
end_of_record
TN:
SF:contracts/access/utils/KingVulnerableContract.sol
DA:55,0
FN:55,KingVulnerableContract.constructor
FNDA:0,KingVulnerableContract.constructor
DA:56,0
DA:61,0
FN:61,KingVulnerableContract._vulnerableDeposit
FNDA:0,KingVulnerableContract._vulnerableDeposit
DA:63,0
BRDA:63,0,0,-
DA:64,0
DA:69,0
DA:73,0
DA:78,0
FN:78,KingVulnerableContract.depositETH
FNDA:0,KingVulnerableContract.depositETH
DA:80,0
DA:86,0
FN:86,KingVulnerableContract.withdrawETH
FNDA:0,KingVulnerableContract.withdrawETH
DA:88,0
BRDA:88,1,0,-
DA:89,0
DA:93,0
DA:94,0
BRDA:94,2,0,-
DA:95,0
DA:99,0
DA:106,0
FN:106,KingVulnerableContract.contractBalance
FNDA:0,KingVulnerableContract.contractBalance
DA:107,0
DA:112,0
FN:112,KingVulnerableContract.myBalance
FNDA:0,KingVulnerableContract.myBalance
DA:113,0
DA:118,0
FN:118,KingVulnerableContract.owner
FNDA:0,KingVulnerableContract.owner
DA:119,0
DA:125,0
FN:125,KingVulnerableContract.receive
FNDA:0,KingVulnerableContract.receive
DA:127,0
DA:131,0
FN:131,KingVulnerableContract.fallback
FNDA:0,KingVulnerableContract.fallback
DA:133,0
FNF:9
FNH:0
LF:26
LH:0
BRF:3
BRH:0
end_of_record
TN:
SF:contracts/tokens/ERC20/KingERC20.sol
DA:62,0
FN:62,KingERC20.constructor
FNDA:0,KingERC20.constructor
DA:64,0
DA:67,0
BRDA:67,0,0,-
DA:68,0
DA:72,0
DA:75,0
DA:78,0
DA:81,0
DA:84,0
DA:87,0
DA:90,0
DA:98,0
FN:98,KingERC20._transfer
FNDA:0,KingERC20._transfer
DA:100,0
DA:101,0
DA:104,0
DA:107,0
BRDA:107,1,0,-
DA:108,0
DA:113,0
DA:114,0
DA:118,0
DA:125,0
FN:125,KingERC20._approve
FNDA:0,KingERC20._approve
DA:127,0
DA:128,0
DA:131,0
DA:134,0
DA:142,0
FN:142,KingERC20.transfer
FNDA:0,KingERC20.transfer
DA:144,0
DA:146,0
DA:153,0
FN:153,KingERC20.approve
FNDA:0,KingERC20.approve
DA:155,0
DA:157,0
DA:165,0
FN:165,KingERC20.transferFrom
FNDA:0,KingERC20.transferFrom
DA:167,0
DA:170,0
BRDA:170,2,0,-
DA:171,0
DA:175,0
BRDA:175,3,0,-
DA:178,0
DA:183,0
DA:185,0
DA:191,0
FN:191,KingERC20.totalSupply
FNDA:0,KingERC20.totalSupply
DA:192,0
DA:197,0
FN:197,KingERC20.name
FNDA:0,KingERC20.name
DA:198,0
DA:203,0
FN:203,KingERC20.symbol
FNDA:0,KingERC20.symbol
DA:204,0
DA:210,0
FN:210,KingERC20.decimals
FNDA:0,KingERC20.decimals
DA:211,0
DA:216,0
FN:216,KingERC20.balanceOf
FNDA:0,KingERC20.balanceOf
DA:217,0
DA:228,0
FN:228,KingERC20.allowance
FNDA:0,KingERC20.allowance
DA:229,0
DA:237,0
FN:237,KingERC20._mint
FNDA:0,KingERC20._mint
DA:239,0
DA:243,0
DA:244,0
DA:248,0
DA:251,0
DA:258,0
FN:258,KingERC20._burn
FNDA:0,KingERC20._burn
DA:260,0
DA:263,0
DA:266,0
BRDA:266,4,0,-
DA:267,0
DA:272,0
DA:273,0
DA:277,0
DA:280,0
FNF:14
FNH:0
LF:66
LH:0
BRF:5
BRH:0
end_of_record
TN:
SF:contracts/tokens/ERC20/extensions/KingERC20Burnable.sol
DA:36,0
FN:36,KingERC20Burnable.assignBurner
FNDA:0,KingERC20Burnable.assignBurner
DA:38,0
DA:41,0
DA:44,0
DA:49,0
FN:49,KingERC20Burnable.removeBurner
FNDA:0,KingERC20Burnable.removeBurner
DA:51,0
DA:54,0
DA:57,0
DA:63,0
FN:63,KingERC20Burnable.burn
FNDA:0,KingERC20Burnable.burn
DA:65,0
DA:72,0
FN:72,KingERC20Burnable.burnFrom
FNDA:0,KingERC20Burnable.burnFrom
DA:74,0
FNF:4
FNH:0
LF:12
LH:0
BRF:0
BRH:0
end_of_record
TN:
SF:contracts/tokens/ERC20/extensions/KingERC20Capped.sol
DA:21,0
FN:21,KingERC20Capped.constructor
FNDA:0,KingERC20Capped.constructor
DA:23,0
BRDA:23,0,0,-
DA:24,0
DA:28,0
DA:36,0
FN:36,KingERC20Capped._mint
FNDA:0,KingERC20Capped._mint
DA:38,0
BRDA:38,1,0,-
DA:39,0
DA:43,0
DA:50,0
FN:50,KingERC20Capped.mint
FNDA:0,KingERC20Capped.mint
DA:52,0
DA:58,0
FN:58,KingERC20Capped.cap
FNDA:0,KingERC20Capped.cap
DA:59,0
FNF:4
FNH:0
LF:12
LH:0
BRF:2
BRH:0
end_of_record
TN:
SF:contracts/tokens/ERC20/extensions/KingERC20Mintable.sol
DA:36,0
FN:36,KingERC20Mintable.assignMinter
FNDA:0,KingERC20Mintable.assignMinter
DA:38,0
DA:41,0
DA:44,0
DA:49,0
FN:49,KingERC20Mintable.removeMinter
FNDA:0,KingERC20Mintable.removeMinter
DA:51,0
DA:54,0
DA:57,0
DA:64,0
FN:64,KingERC20Mintable.mint
FNDA:0,KingERC20Mintable.mint
DA:66,0
FNF:3
FNH:0
LF:10
LH:0
BRF:0
BRH:0
end_of_record
TN:
SF:contracts/tokens/ERC20/extensions/KingERC20Pausable.sol
DA:57,0
FN:57,KingERC20Pausable.constructor
FNDA:0,KingERC20Pausable.constructor
DA:61,0
BRDA:61,0,0,-
DA:62,0
DA:66,0
DA:69,0
DA:72,0
DA:75,0
DA:78,0
DA:86,0
FN:86,KingERC20Pausable._transfer
FNDA:0,KingERC20Pausable._transfer
DA:88,0
DA:89,0
DA:92,0
DA:95,0
BRDA:95,1,0,-
DA:96,0
DA:101,0
DA:102,0
DA:106,0
DA:113,0
FN:113,KingERC20Pausable._approve
FNDA:0,KingERC20Pausable._approve
DA:115,0
DA:116,0
DA:119,0
DA:122,0
DA:130,0
FN:130,KingERC20Pausable.transfer
FNDA:0,KingERC20Pausable.transfer
DA:132,0
DA:134,0
DA:141,0
FN:141,KingERC20Pausable.approve
FNDA:0,KingERC20Pausable.approve
DA:143,0
DA:145,0
DA:153,0
FN:153,KingERC20Pausable.transferFrom
FNDA:0,KingERC20Pausable.transferFrom
DA:155,0
DA:158,0
BRDA:158,2,0,-
DA:159,0
DA:163,0
BRDA:163,3,0,-
DA:166,0
DA:171,0
DA:173,0
DA:179,0
FN:179,KingERC20Pausable.totalSupply
FNDA:0,KingERC20Pausable.totalSupply
DA:180,0
DA:185,0
FN:185,KingERC20Pausable.name
FNDA:0,KingERC20Pausable.name
DA:186,0
DA:191,0
FN:191,KingERC20Pausable.symbol
FNDA:0,KingERC20Pausable.symbol
DA:192,0
DA:198,0
FN:198,KingERC20Pausable.decimals
FNDA:0,KingERC20Pausable.decimals
DA:199,0
DA:204,0
FN:204,KingERC20Pausable.balanceOf
FNDA:0,KingERC20Pausable.balanceOf
DA:205,0
DA:216,0
FN:216,KingERC20Pausable.allowance
FNDA:0,KingERC20Pausable.allowance
DA:217,0
DA:225,0
FN:225,KingERC20Pausable._mint
FNDA:0,KingERC20Pausable._mint
DA:227,0
DA:231,0
DA:232,0
DA:236,0
DA:239,0
DA:246,0
FN:246,KingERC20Pausable._burn
FNDA:0,KingERC20Pausable._burn
DA:248,0
DA:251,0
DA:254,0
BRDA:254,4,0,-
DA:255,0
DA:260,0
DA:261,0
DA:265,0
DA:268,0
FNF:14
FNH:0
LF:63
LH:0
BRF:5
BRH:0
end_of_record
